Base path: C:/Program Files/Unity 2017.2.0f3/Editor/Data
Cmd: initializeCompiler
<<<<<<< HEAD
Cmd: preprocess
  insize=10372 outsize=3091 ok=1
Cmd: preprocess
  insize=447 outsize=198 ok=1
Cmd: preprocess
  insize=616 outsize=175 ok=1
Cmd: preprocess
  insize=1606 outsize=323 ok=1
Cmd: preprocess
  insize=9161 outsize=6007 ok=1
Cmd: preprocess
  insize=1947 outsize=220 ok=1
Cmd: preprocess
  insize=494 outsize=221 ok=1
Cmd: preprocess
  insize=511 outsize=128 ok=1
Cmd: preprocess
  insize=2592 outsize=649 ok=1
Cmd: preprocess
  insize=484 outsize=209 ok=1
Cmd: preprocess
  insize=4292 outsize=4165 ok=1
Cmd: preprocess
  insize=3245 outsize=3621 ok=1
Cmd: preprocess
  insize=330 outsize=169 ok=1
Cmd: preprocess
  insize=2278 outsize=647 ok=1
Cmd: preprocess
  insize=7050 outsize=6123 ok=1
Cmd: preprocess
  insize=340 outsize=168 ok=1
Cmd: preprocess
  insize=340 outsize=168 ok=1
Cmd: preprocess
  insize=2491 outsize=2731 ok=1
Cmd: preprocess
  insize=338 outsize=166 ok=1
Cmd: preprocess
  insize=5307 outsize=1057 ok=1
Cmd: preprocess
  insize=344 outsize=170 ok=1
Cmd: preprocess
  insize=4729 outsize=4051 ok=1
Cmd: preprocess
  insize=280 outsize=129 ok=1
Cmd: preprocess
  insize=3719 outsize=468 ok=1
Cmd: preprocess
  insize=8777 outsize=6666 ok=1
Cmd: preprocess
  insize=462 outsize=208 ok=1
Cmd: preprocess
  insize=9210 outsize=3923 ok=1
Cmd: preprocess
  insize=346 outsize=171 ok=1
Cmd: preprocess
  insize=340 outsize=168 ok=1
Cmd: preprocess
  insize=447 outsize=198 ok=1
Cmd: preprocess
  insize=2756 outsize=3257 ok=1
Cmd: preprocess
  insize=1346 outsize=358 ok=1
Cmd: preprocess
  insize=560 outsize=132 ok=1
Cmd: preprocess
  insize=1570 outsize=2305 ok=1
Cmd: preprocess
  insize=389 outsize=114 ok=1
Cmd: preprocess
  insize=338 outsize=167 ok=1
Cmd: preprocess
  insize=26862 outsize=21210 ok=1
Cmd: preprocess
  insize=539 outsize=228 ok=1
Cmd: preprocess
  insize=7530 outsize=4007 ok=1
Cmd: preprocess
  insize=340 outsize=168 ok=1
Cmd: preprocess
  insize=455 outsize=202 ok=1
Cmd: preprocess
  insize=19882 outsize=12389 ok=1
Cmd: preprocess
  insize=338 outsize=166 ok=1
Cmd: preprocess
  insize=450 outsize=206 ok=1
Cmd: preprocess
  insize=14966 outsize=12900 ok=1
Cmd: preprocess
  insize=781 outsize=252 ok=1
Cmd: preprocess
  insize=5226 outsize=3759 ok=1
Cmd: preprocess
  insize=447 outsize=201 ok=1
Cmd: preprocess
  insize=342 outsize=169 ok=1
Cmd: preprocess
  insize=7965 outsize=4698 ok=1
Cmd: compileSnippet
  api=4 type=0 insize=3614 outsize=778 kw= pd=UNITY_ENABLE_REFLECTION_BUFFERS UNITY_USE_DITHER_MASK_FOR_ALPHABLENDED_SHADOWS UNITY_PBS_USE_BRDF1 UNITY_SPECCUBE_BOX_PROJECTION UNITY_SPECCUBE_BLENDING UNITY_ENABLE_DETAIL_NORMALMAP SHADER_API_DESKTOP UNITY_COLORSPACE_GAMMA UNITY_LIGHT_PROBE_PROXY_VOLUME ok=1
Cmd: compileSnippet
  api=4 type=1 insize=3614 outsize=1510 kw= pd=UNITY_ENABLE_REFLECTION_BUFFERS UNITY_USE_DITHER_MASK_FOR_ALPHABLENDED_SHADOWS UNITY_PBS_USE_BRDF1 UNITY_SPECCUBE_BOX_PROJECTION UNITY_SPECCUBE_BLENDING UNITY_ENABLE_DETAIL_NORMALMAP SHADER_API_DESKTOP UNITY_COLORSPACE_GAMMA UNITY_LIGHT_PROBE_PROXY_VOLUME ok=1
Cmd: preprocess
  insize=340 outsize=168 ok=1
Cmd: preprocess
  insize=13543 outsize=10308 ok=1
Cmd: preprocess
  insize=15750 outsize=11829 ok=1
Cmd: preprocess
  insize=2036 outsize=852 ok=1
Cmd: preprocess
  insize=2850 outsize=1194 ok=1
Cmd: preprocess
  insize=4246 outsize=647 ok=1
Cmd: preprocess
  insize=10053 outsize=6173 ok=1
Cmd: preprocess
  insize=340 outsize=168 ok=1
Cmd: preprocess
  insize=339 outsize=167 ok=1
Cmd: preprocess
  insize=430 outsize=121 ok=1
Cmd: preprocess
  insize=342 outsize=169 ok=1
Cmd: preprocess
  insize=10807 outsize=7193 ok=1
Cmd: preprocess
  insize=452 outsize=208 ok=1
Cmd: preprocess
  insize=893 outsize=286 ok=1
Cmd: preprocess
  insize=1766 outsize=399 ok=1
Cmd: preprocess
  insize=340 outsize=168 ok=1
Cmd: preprocess
  insize=5418 outsize=3378 ok=1
Cmd: preprocess
  insize=286 outsize=129 ok=1
Cmd: preprocess
  insize=344 outsize=177 ok=1
Cmd: preprocess
  insize=564 outsize=244 ok=1
Cmd: preprocess
  insize=14531 outsize=7506 ok=1
Cmd: preprocess
  insize=14145 outsize=8783 ok=1
Cmd: preprocess
  insize=2275 outsize=279 ok=1
Cmd: preprocess
  insize=1046 outsize=376 ok=1
Cmd: preprocess
  insize=6444 outsize=6182 ok=1
Cmd: preprocess
  insize=4035 outsize=2570 ok=1
Cmd: preprocess
  insize=578 outsize=124 ok=1
Cmd: preprocess
  insize=13512 outsize=11598 ok=1
Cmd: preprocess
  insize=28726 outsize=19959 ok=1
Cmd: preprocess
  insize=338 outsize=167 ok=1
Cmd: preprocess
  insize=447 outsize=198 ok=1
Cmd: preprocess
  insize=476 outsize=210 ok=1
Cmd: preprocess
  insize=10684 outsize=6436 ok=1
Cmd: preprocess
  insize=2900 outsize=3215 ok=1
Cmd: preprocess
  insize=6473 outsize=3003 ok=1
Cmd: preprocess
  insize=309 outsize=126 ok=1
Cmd: preprocess
  insize=605 outsize=127 ok=1
Cmd: preprocess
  insize=280 outsize=129 ok=1
Cmd: preprocess
  insize=6110 outsize=6252 ok=1
Cmd: preprocess
  insize=353 outsize=185 ok=1
Cmd: preprocess
  insize=8542 outsize=1652 ok=1
Cmd: preprocess
  insize=391 outsize=167 ok=1
Cmd: preprocess
  insize=1591 outsize=432 ok=1
Cmd: preprocess
  insize=930 outsize=245 ok=1
Cmd: preprocess
  insize=767 outsize=284 ok=1
Cmd: preprocess
  insize=255 outsize=114 ok=1
Cmd: preprocess
  insize=569 outsize=124 ok=1
Cmd: preprocess
  insize=340 outsize=168 ok=1
Cmd: preprocess
  insize=1019 outsize=310 ok=1
Cmd: preprocess
  insize=386 outsize=115 ok=1
Cmd: preprocess
  insize=333 outsize=166 ok=1
Cmd: preprocess
  insize=445 outsize=195 ok=1
Cmd: preprocess
  insize=6940 outsize=3138 ok=1
Cmd: preprocess
  insize=1032 outsize=124 ok=1
Cmd: preprocess
  insize=4875 outsize=4663 ok=1
Cmd: preprocess
  insize=4133 outsize=3538 ok=1
Cmd: preprocess
  insize=373 outsize=180 ok=1
Cmd: preprocess
  insize=447 outsize=199 ok=1
Cmd: preprocess
  insize=2494 outsize=584 ok=1
Cmd: preprocess
  insize=340 outsize=168 ok=1
Cmd: preprocess
  insize=344 outsize=170 ok=1
Cmd: preprocess
  insize=2459 outsize=2964 ok=1
Cmd: preprocess
  insize=416 outsize=204 ok=1
Cmd: preprocess
  insize=4570 outsize=320 ok=1
Cmd: preprocess
  insize=1573 outsize=2307 ok=1
Cmd: preprocess
  insize=389 outsize=190 ok=1
Cmd: preprocess
  insize=6840 outsize=3122 ok=1
Cmd: preprocess
  insize=402 outsize=189 ok=1
Cmd: preprocess
  insize=16373 outsize=14841 ok=1
Cmd: preprocess
  insize=584 outsize=223 ok=1
Cmd: preprocess
  insize=4663 outsize=3765 ok=1
Cmd: preprocess
  insize=2594 outsize=285 ok=1
Cmd: preprocess
  insize=5382 outsize=3336 ok=1
Cmd: compileSnippet
  api=4 type=0 insize=2392 outsize=986 kw= pd=UNITY_ENABLE_REFLECTION_BUFFERS UNITY_USE_DITHER_MASK_FOR_ALPHABLENDED_SHADOWS UNITY_PBS_USE_BRDF1 UNITY_SPECCUBE_BOX_PROJECTION UNITY_SPECCUBE_BLENDING UNITY_ENABLE_DETAIL_NORMALMAP SHADER_API_DESKTOP UNITY_COLORSPACE_GAMMA UNITY_LIGHT_PROBE_PROXY_VOLUME ok=1
Cmd: compileSnippet
  api=4 type=1 insize=2392 outsize=794 kw= pd=UNITY_ENABLE_REFLECTION_BUFFERS UNITY_USE_DITHER_MASK_FOR_ALPHABLENDED_SHADOWS UNITY_PBS_USE_BRDF1 UNITY_SPECCUBE_BOX_PROJECTION UNITY_SPECCUBE_BLENDING UNITY_ENABLE_DETAIL_NORMALMAP SHADER_API_DESKTOP UNITY_COLORSPACE_GAMMA UNITY_LIGHT_PROBE_PROXY_VOLUME ok=1
Cmd: preprocess
  insize=451 outsize=207 ok=1
Cmd: preprocess
  insize=402 outsize=174 ok=1
Cmd: preprocess
  insize=6929 outsize=3122 ok=1
Cmd: preprocess
  insize=6481 outsize=6178 ok=1
Cmd: preprocess
  insize=567 outsize=242 ok=1
Cmd: preprocess
  insize=915 outsize=283 ok=1
Cmd: preprocess
  insize=17809 outsize=13589 ok=1
Cmd: preprocess
  insize=414 outsize=118 ok=1
Cmd: preprocess
  insize=342 outsize=169 ok=1
Cmd: preprocess
  insize=1360 outsize=472 ok=1
Cmd: preprocess
  insize=743 outsize=479 ok=1
Cmd: preprocess
  insize=1573 outsize=2307 ok=1
Cmd: preprocess
  insize=550 outsize=249 ok=1
Cmd: preprocess
  insize=338 outsize=167 ok=1
Cmd: preprocess
  insize=1499 outsize=2521 ok=1
Cmd: preprocess
  insize=373 outsize=181 ok=1
Cmd: preprocess
  insize=6321 outsize=5994 ok=1
Cmd: preprocess
  insize=8187 outsize=6692 ok=1
Cmd: preprocess
  insize=348 outsize=171 ok=1
Cmd: preprocess
  insize=960 outsize=198 ok=1
Cmd: preprocess
  insize=588 outsize=124 ok=1
Cmd: preprocess
  insize=642 outsize=126 ok=1
Cmd: preprocess
  insize=15137 outsize=12824 ok=1
Cmd: preprocess
  insize=360 outsize=190 ok=1
Cmd: preprocess
  insize=559 outsize=237 ok=1
Cmd: preprocess
  insize=10964 outsize=6597 ok=1
Cmd: preprocess
  insize=336 outsize=169 ok=1
Cmd: preprocess
  insize=4820 outsize=4622 ok=1
Cmd: preprocess
  insize=337 outsize=168 ok=1
Cmd: preprocess
  insize=13425 outsize=8837 ok=1
Cmd: preprocess
  insize=338 outsize=167 ok=1
Cmd: preprocess
  insize=377 outsize=179 ok=1
Cmd: preprocess
  insize=15291 outsize=11201 ok=1
Cmd: preprocess
  insize=7529 outsize=6847 ok=1
Cmd: preprocess
  insize=1035 outsize=175 ok=1
Cmd: preprocess
  insize=3834 outsize=3712 ok=1
Cmd: preprocess
  insize=570 outsize=164 ok=1
Cmd: preprocess
  insize=5062 outsize=4120 ok=1
Cmd: preprocess
  insize=338 outsize=167 ok=1
Cmd: preprocess
  insize=541 outsize=203 ok=1
Cmd: preprocess
  insize=336 outsize=170 ok=1
Cmd: preprocess
  insize=481 outsize=204 ok=1
Cmd: preprocess
  insize=292 outsize=113 ok=1
Cmd: preprocess
  insize=2320 outsize=946 ok=1
Cmd: preprocess
  insize=13208 outsize=9326 ok=1
Cmd: preprocess
  insize=3480 outsize=3758 ok=1
Cmd: preprocess
  insize=3240 outsize=3616 ok=1
Cmd: preprocess
  insize=342 outsize=169 ok=1
Cmd: preprocess
  insize=2824 outsize=3267 ok=1
Cmd: preprocess
  insize=342 outsize=169 ok=1
Cmd: preprocess
  insize=2283 outsize=441 ok=1
Cmd: preprocess
  insize=566 outsize=130 ok=1
Cmd: preprocess
  insize=254 outsize=122 ok=1
Cmd: preprocess
  insize=6852 outsize=6779 ok=1
Cmd: preprocess
  insize=7928 outsize=4795 ok=1
Cmd: preprocess
  insize=338 outsize=167 ok=1
Cmd: preprocess
  insize=340 outsize=168 ok=1
Cmd: preprocess
  insize=6510 outsize=3016 ok=1
Cmd: preprocess
  insize=340 outsize=167 ok=1
Cmd: preprocess
  insize=346 outsize=171 ok=1
Cmd: preprocess
  insize=4211 outsize=4289 ok=1
Cmd: preprocess
  insize=449 outsize=201 ok=1
Cmd: preprocess
  insize=6564 outsize=5000 ok=1
Cmd: preprocess
  insize=614 outsize=258 ok=1
Cmd: preprocess
  insize=6461 outsize=3776 ok=1
Cmd: preprocess
  insize=350 outsize=183 ok=1
Cmd: preprocess
  insize=346 outsize=170 ok=1
Cmd: preprocess
  insize=6250 outsize=2916 ok=1
Cmd: preprocess
  insize=833 outsize=245 ok=1
Cmd: preprocess
  insize=687 outsize=243 ok=1
Cmd: preprocess
  insize=14486 outsize=8334 ok=1
Cmd: preprocess
  insize=393 outsize=118 ok=1
Cmd: preprocess
  insize=17882 outsize=12110 ok=1
Cmd: preprocess
  insize=1271 outsize=378 ok=1
Cmd: preprocess
  insize=342 outsize=175 ok=1
Cmd: preprocess
  insize=402 outsize=175 ok=1
Cmd: preprocess
  insize=1907 outsize=332 ok=1
Cmd: preprocess
  insize=6829 outsize=3116 ok=1
Cmd: preprocess
  insize=3240 outsize=3616 ok=1
Cmd: preprocess
  insize=14243 outsize=10244 ok=1
Cmd: preprocess
  insize=339 outsize=172 ok=1
Cmd: preprocess
  insize=8740 outsize=8746 ok=1
Cmd: preprocess
  insize=3032 outsize=3496 ok=1
Cmd: preprocess
  insize=580 outsize=128 ok=1
Cmd: preprocess
  insize=11009 outsize=6848 ok=1
Cmd: compileSnippet
  api=4 type=0 insize=4508 outsize=778 kw= pd=UNITY_ENABLE_REFLECTION_BUFFERS UNITY_USE_DITHER_MASK_FOR_ALPHABLENDED_SHADOWS UNITY_PBS_USE_BRDF1 UNITY_SPECCUBE_BOX_PROJECTION UNITY_SPECCUBE_BLENDING UNITY_ENABLE_DETAIL_NORMALMAP SHADER_API_DESKTOP UNITY_COLORSPACE_GAMMA UNITY_LIGHT_PROBE_PROXY_VOLUME ok=1
Cmd: compileSnippet
  api=4 type=1 insize=4508 outsize=3390 kw= pd=UNITY_ENABLE_REFLECTION_BUFFERS UNITY_USE_DITHER_MASK_FOR_ALPHABLENDED_SHADOWS UNITY_PBS_USE_BRDF1 UNITY_SPECCUBE_BOX_PROJECTION UNITY_SPECCUBE_BLENDING UNITY_ENABLE_DETAIL_NORMALMAP SHADER_API_DESKTOP UNITY_COLORSPACE_GAMMA UNITY_LIGHT_PROBE_PROXY_VOLUME ok=1
Cmd: preprocess
  insize=332 outsize=165 ok=1
Cmd: preprocess
  insize=463 outsize=212 ok=1
Cmd: preprocess
  insize=4289 outsize=2209 ok=1
Cmd: compileSnippet
  api=4 type=0 insize=2427 outsize=1070 kw= pd=UNITY_ENABLE_REFLECTION_BUFFERS UNITY_USE_DITHER_MASK_FOR_ALPHABLENDED_SHADOWS UNITY_PBS_USE_BRDF1 UNITY_SPECCUBE_BOX_PROJECTION UNITY_SPECCUBE_BLENDING UNITY_ENABLE_DETAIL_NORMALMAP SHADER_API_DESKTOP UNITY_COLORSPACE_GAMMA UNITY_LIGHT_PROBE_PROXY_VOLUME ok=1
Cmd: compileSnippet
  api=4 type=1 insize=2427 outsize=722 kw= pd=UNITY_ENABLE_REFLECTION_BUFFERS UNITY_USE_DITHER_MASK_FOR_ALPHABLENDED_SHADOWS UNITY_PBS_USE_BRDF1 UNITY_SPECCUBE_BOX_PROJECTION UNITY_SPECCUBE_BLENDING UNITY_ENABLE_DETAIL_NORMALMAP SHADER_API_DESKTOP UNITY_COLORSPACE_GAMMA UNITY_LIGHT_PROBE_PROXY_VOLUME ok=1
Cmd: preprocess
  insize=381 outsize=180 ok=1
Cmd: preprocess
  insize=10186 outsize=6058 ok=1
Cmd: compileSnippet
  api=4 type=0 insize=4474 outsize=778 kw= pd=UNITY_ENABLE_REFLECTION_BUFFERS UNITY_USE_DITHER_MASK_FOR_ALPHABLENDED_SHADOWS UNITY_PBS_USE_BRDF1 UNITY_SPECCUBE_BOX_PROJECTION UNITY_SPECCUBE_BLENDING UNITY_ENABLE_DETAIL_NORMALMAP SHADER_API_DESKTOP UNITY_COLORSPACE_GAMMA UNITY_LIGHT_PROBE_PROXY_VOLUME ok=1
Cmd: compileSnippet
  api=4 type=1 insize=4474 outsize=4594 kw= pd=UNITY_ENABLE_REFLECTION_BUFFERS UNITY_USE_DITHER_MASK_FOR_ALPHABLENDED_SHADOWS UNITY_PBS_USE_BRDF1 UNITY_SPECCUBE_BOX_PROJECTION UNITY_SPECCUBE_BLENDING UNITY_ENABLE_DETAIL_NORMALMAP SHADER_API_DESKTOP UNITY_COLORSPACE_GAMMA UNITY_LIGHT_PROBE_PROXY_VOLUME ok=1
Cmd: compileSnippet
  api=4 type=0 insize=4474 outsize=778 kw=ETC1_EXTERNAL_ALPHA pd=UNITY_ENABLE_REFLECTION_BUFFERS UNITY_USE_DITHER_MASK_FOR_ALPHABLENDED_SHADOWS UNITY_PBS_USE_BRDF1 UNITY_SPECCUBE_BOX_PROJECTION UNITY_SPECCUBE_BLENDING UNITY_ENABLE_DETAIL_NORMALMAP SHADER_API_DESKTOP UNITY_COLORSPACE_GAMMA UNITY_LIGHT_PROBE_PROXY_VOLUME ok=1
Cmd: compileSnippet
  api=4 type=1 insize=4474 outsize=4594 kw=ETC1_EXTERNAL_ALPHA pd=UNITY_ENABLE_REFLECTION_BUFFERS UNITY_USE_DITHER_MASK_FOR_ALPHABLENDED_SHADOWS UNITY_PBS_USE_BRDF1 UNITY_SPECCUBE_BOX_PROJECTION UNITY_SPECCUBE_BLENDING UNITY_ENABLE_DETAIL_NORMALMAP SHADER_API_DESKTOP UNITY_COLORSPACE_GAMMA UNITY_LIGHT_PROBE_PROXY_VOLUME ok=1
Cmd: compileSnippet
  api=4 type=0 insize=4508 outsize=778 kw=ETC1_EXTERNAL_ALPHA pd=UNITY_ENABLE_REFLECTION_BUFFERS UNITY_USE_DITHER_MASK_FOR_ALPHABLENDED_SHADOWS UNITY_PBS_USE_BRDF1 UNITY_SPECCUBE_BOX_PROJECTION UNITY_SPECCUBE_BLENDING UNITY_ENABLE_DETAIL_NORMALMAP SHADER_API_DESKTOP UNITY_COLORSPACE_GAMMA UNITY_LIGHT_PROBE_PROXY_VOLUME ok=1
Cmd: compileSnippet
  api=4 type=1 insize=4508 outsize=3390 kw=ETC1_EXTERNAL_ALPHA pd=UNITY_ENABLE_REFLECTION_BUFFERS UNITY_USE_DITHER_MASK_FOR_ALPHABLENDED_SHADOWS UNITY_PBS_USE_BRDF1 UNITY_SPECCUBE_BOX_PROJECTION UNITY_SPECCUBE_BLENDING UNITY_ENABLE_DETAIL_NORMALMAP SHADER_API_DESKTOP UNITY_COLORSPACE_GAMMA UNITY_LIGHT_PROBE_PROXY_VOLUME ok=1
Cmd: compileSnippet
  api=4 type=0 insize=3614 outsize=778 kw=ETC1_EXTERNAL_ALPHA pd=UNITY_ENABLE_REFLECTION_BUFFERS UNITY_USE_DITHER_MASK_FOR_ALPHABLENDED_SHADOWS UNITY_PBS_USE_BRDF1 UNITY_SPECCUBE_BOX_PROJECTION UNITY_SPECCUBE_BLENDING UNITY_ENABLE_DETAIL_NORMALMAP SHADER_API_DESKTOP UNITY_COLORSPACE_GAMMA UNITY_LIGHT_PROBE_PROXY_VOLUME ok=1
Cmd: compileSnippet
  api=4 type=1 insize=3614 outsize=1510 kw=ETC1_EXTERNAL_ALPHA pd=UNITY_ENABLE_REFLECTION_BUFFERS UNITY_USE_DITHER_MASK_FOR_ALPHABLENDED_SHADOWS UNITY_PBS_USE_BRDF1 UNITY_SPECCUBE_BOX_PROJECTION UNITY_SPECCUBE_BLENDING UNITY_ENABLE_DETAIL_NORMALMAP SHADER_API_DESKTOP UNITY_COLORSPACE_GAMMA UNITY_LIGHT_PROBE_PROXY_VOLUME ok=1
Cmd: compileSnippet
  api=4 type=0 insize=2392 outsize=986 kw=ETC1_EXTERNAL_ALPHA pd=UNITY_ENABLE_REFLECTION_BUFFERS UNITY_USE_DITHER_MASK_FOR_ALPHABLENDED_SHADOWS UNITY_PBS_USE_BRDF1 UNITY_SPECCUBE_BOX_PROJECTION UNITY_SPECCUBE_BLENDING UNITY_ENABLE_DETAIL_NORMALMAP SHADER_API_DESKTOP UNITY_COLORSPACE_GAMMA UNITY_LIGHT_PROBE_PROXY_VOLUME ok=1
Cmd: compileSnippet
  api=4 type=1 insize=2392 outsize=794 kw=ETC1_EXTERNAL_ALPHA pd=UNITY_ENABLE_REFLECTION_BUFFERS UNITY_USE_DITHER_MASK_FOR_ALPHABLENDED_SHADOWS UNITY_PBS_USE_BRDF1 UNITY_SPECCUBE_BOX_PROJECTION UNITY_SPECCUBE_BLENDING UNITY_ENABLE_DETAIL_NORMALMAP SHADER_API_DESKTOP UNITY_COLORSPACE_GAMMA UNITY_LIGHT_PROBE_PROXY_VOLUME ok=1
=======
>>>>>>> 77af8e74da2cbb764b69cfb4864f054adc41c7ac
